<?xml version="1.0" encoding="UTF-8"?>
<testsuite name="mil.t2com.moda.ratemyboss.leader.LeaderRepositoryTest" tests="2" skipped="0" failures="0" errors="0" timestamp="2026-04-29T18:14:57.984Z" hostname="RGCASWFA1530" time="0.243">
  <properties/>
  <testcase name="shouldFindAllLeadersById()" classname="mil.t2com.moda.ratemyboss.leader.LeaderRepositoryTest" time="0.079"/>
  <testcase name="shouldFindLeaderById()" classname="mil.t2com.moda.ratemyboss.leader.LeaderRepositoryTest" time="0.003"/>
  <system-out><![CDATA[2026-04-29T13:14:57.987-05:00  INFO 57139 --- [todo] [    Test worker] t.c.s.AnnotationConfigContextLoaderUtils : Could not detect default configuration classes for test class [mil.t2com.moda.ratemyboss.leader.LeaderRepositoryTest]: LeaderRepositoryTest does not declare any static, non-private, non-final, nested classes annotated with @Configuration.
2026-04-29T13:14:57.996-05:00  INFO 57139 --- [todo] [    Test worker] .b.t.c.SpringBootTestContextBootstrapper : Found @SpringBootConfiguration mil.t2com.moda.ratemyboss.RatemybossApplication for test class mil.t2com.moda.ratemyboss.leader.LeaderRepositoryTest
2026-04-29T13:14:57.996-05:00  INFO 57139 --- [todo] [    Test worker] t.c.s.AnnotationConfigContextLoaderUtils : Could not detect default configuration classes for test class [mil.t2com.moda.ratemyboss.leader.LeaderRepositoryTest]: LeaderRepositoryTest does not declare any static, non-private, non-final, nested classes annotated with @Configuration.
2026-04-29T13:14:58.003-05:00  INFO 57139 --- [todo] [    Test worker] .b.t.c.SpringBootTestContextBootstrapper : Found @SpringBootConfiguration mil.t2com.moda.ratemyboss.RatemybossApplication for test class mil.t2com.moda.ratemyboss.leader.LeaderRepositoryTest

  .   ____          _            __ _ _
 /\\ / ___'_ __ _ _(_)_ __  __ _ \ \ \ \
( ( )\___ | '_ | '_| | '_ \/ _` | \ \ \ \
 \\/  ___)| |_)| | | | | || (_| |  ) ) ) )
  '  |____| .__|_| |_|_| |_\__, | / / / /
 =========|_|==============|___/=/_/_/_/

 :: Spring Boot ::                (v4.0.5)

2026-04-29T13:14:58.020-05:00  INFO 57139 --- [todo] [    Test worker] m.t.m.r.leader.LeaderRepositoryTest      : Starting LeaderRepositoryTest using Java 21.0.9 with PID 57139 (started by k2508965 in /Users/k2508965/workspace/acc/ratemyboss)
2026-04-29T13:14:58.020-05:00  INFO 57139 --- [todo] [    Test worker] m.t.m.r.leader.LeaderRepositoryTest      : No active profile set, falling back to 1 default profile: "default"
2026-04-29T13:14:58.056-05:00  INFO 57139 --- [todo] [    Test worker] .s.d.r.c.RepositoryConfigurationDelegate : Bootstrapping Spring Data JPA repositories in DEFAULT mode.
2026-04-29T13:14:58.063-05:00  INFO 57139 --- [todo] [    Test worker] .s.d.r.c.RepositoryConfigurationDelegate : Finished Spring Data repository scanning in 5 ms. Found 2 JPA repository interfaces.
2026-04-29T13:14:58.071-05:00  INFO 57139 --- [todo] [    Test worker] beddedDataSourceBeanFactoryPostProcessor : Replacing 'dataSource' DataSource bean with embedded version
2026-04-29T13:14:58.080-05:00  INFO 57139 --- [todo] [    Test worker] o.s.j.d.e.EmbeddedDatabaseFactory        : Starting embedded database: url='jdbc:h2:mem:df75010f-c4f1-4640-854d-af110114c250;DB_CLOSE_DELAY=-1;DB_CLOSE_ON_EXIT=false', username='sa'
2026-04-29T13:14:58.090-05:00  INFO 57139 --- [todo] [    Test worker] org.hibernate.orm.jpa                    : HHH008540: Processing PersistenceUnitInfo [name: default]
2026-04-29T13:14:58.102-05:00  INFO 57139 --- [todo] [    Test worker] o.s.o.j.p.SpringPersistenceUnitInfo      : No LoadTimeWeaver setup: ignoring JPA class transformer
2026-04-29T13:14:58.105-05:00  WARN 57139 --- [todo] [    Test worker] org.hibernate.orm.deprecation            : HHH90000025: H2Dialect does not need to be specified explicitly using 'hibernate.dialect' (remove the property setting and it will be selected by default)
2026-04-29T13:14:58.105-05:00  INFO 57139 --- [todo] [    Test worker] org.hibernate.orm.connections.pooling    : HHH10001005: Database info:
	Database JDBC URL [jdbc:h2:mem:df75010f-c4f1-4640-854d-af110114c250]
	Database driver: H2 JDBC Driver
	Database dialect: H2Dialect
	Database version: 2.4.240
	Default catalog/schema: DF75010F-C4F1-4640-854D-AF110114C250/PUBLIC
	Autocommit mode: undefined/unknown
	Isolation level: READ_COMMITTED [default READ_COMMITTED]
	JDBC fetch size: 100
	Pool: DataSourceConnectionProvider
	Minimum pool size: undefined/unknown
	Maximum pool size: undefined/unknown
2026-04-29T13:14:58.118-05:00  INFO 57139 --- [todo] [    Test worker] org.hibernate.orm.core                   : HHH000489: No JTA platform available (set 'hibernate.transaction.jta.platform' to enable JTA platform integration)
Hibernate: create table leader (id bigint generated by default as identity, first_name varchar(255), job_title varchar(255), last_name varchar(255), primary key (id))
Hibernate: create table review (id bigint generated by default as identity, created_at timestamp(6) not null, description varchar(255), rating integer, leader_id bigint, primary key (id))
Hibernate: alter table if exists review add constraint FKfpau2iqa88e38oc6elroxco52 foreign key (leader_id) references leader
2026-04-29T13:14:58.121-05:00  INFO 57139 --- [todo] [    Test worker] j.LocalContainerEntityManagerFactoryBean : Initialized JPA EntityManagerFactory for persistence unit 'default'
2026-04-29T13:14:58.144-05:00  INFO 57139 --- [todo] [    Test worker] m.t.m.r.leader.LeaderRepositoryTest      : Started LeaderRepositoryTest in 0.139 seconds (process running for 2.24)
Hibernate: insert into leader (first_name,job_title,last_name,id) values (?,?,?,default)
Hibernate: insert into leader (first_name,job_title,last_name,id) values (?,?,?,default)
]]></system-out>
  <system-err><![CDATA[]]></system-err>
</testsuite>
