<?xml version="1.0" encoding="UTF-8"?>
<testsuite name="mil.t2com.moda.ratemyboss.leader.LeaderControllerTest" tests="1" skipped="0" failures="0" errors="0" timestamp="2026-04-29T18:14:57.712Z" hostname="RGCASWFA1530" time="0.27">
  <properties/>
  <testcase name="shouldGetAllLeaders()" classname="mil.t2com.moda.ratemyboss.leader.LeaderControllerTest" time="0.072"/>
  <system-out><![CDATA[2026-04-29T13:14:57.714-05:00  INFO 57139 --- [todo] [    Test worker] t.c.s.AnnotationConfigContextLoaderUtils : Could not detect default configuration classes for test class [mil.t2com.moda.ratemyboss.leader.LeaderControllerTest]: LeaderControllerTest does not declare any static, non-private, non-final, nested classes annotated with @Configuration.
2026-04-29T13:14:57.724-05:00  INFO 57139 --- [todo] [    Test worker] .b.t.c.SpringBootTestContextBootstrapper : Found @SpringBootConfiguration mil.t2com.moda.ratemyboss.RatemybossApplication for test class mil.t2com.moda.ratemyboss.leader.LeaderControllerTest
2026-04-29T13:14:57.724-05:00  INFO 57139 --- [todo] [    Test worker] t.c.s.AnnotationConfigContextLoaderUtils : Could not detect default configuration classes for test class [mil.t2com.moda.ratemyboss.leader.LeaderControllerTest]: LeaderControllerTest does not declare any static, non-private, non-final, nested classes annotated with @Configuration.
2026-04-29T13:14:57.726-05:00  INFO 57139 --- [todo] [    Test worker] .b.t.c.SpringBootTestContextBootstrapper : Found @SpringBootConfiguration mil.t2com.moda.ratemyboss.RatemybossApplication for test class mil.t2com.moda.ratemyboss.leader.LeaderControllerTest

  .   ____          _            __ _ _
 /\\ / ___'_ __ _ _(_)_ __  __ _ \ \ \ \
( ( )\___ | '_ | '_| | '_ \/ _` | \ \ \ \
 \\/  ___)| |_)| | | | | || (_| |  ) ) ) )
  '  |____| .__|_| |_|_| |_\__, | / / / /
 =========|_|==============|___/=/_/_/_/

 :: Spring Boot ::                (v4.0.5)

2026-04-29T13:14:57.739-05:00  INFO 57139 --- [todo] [    Test worker] m.t.m.r.leader.LeaderControllerTest      : Starting LeaderControllerTest using Java 21.0.9 with PID 57139 (started by k2508965 in /Users/k2508965/workspace/acc/ratemyboss)
2026-04-29T13:14:57.739-05:00  INFO 57139 --- [todo] [    Test worker] m.t.m.r.leader.LeaderControllerTest      : No active profile set, falling back to 1 default profile: "default"
2026-04-29T13:14:57.896-05:00  INFO 57139 --- [todo] [    Test worker] o.s.b.t.m.w.SpringBootMockServletContext : Initializing Spring TestDispatcherServlet ''
2026-04-29T13:14:57.896-05:00  INFO 57139 --- [todo] [    Test worker] o.s.t.web.servlet.TestDispatcherServlet  : Initializing Servlet ''
2026-04-29T13:14:57.898-05:00  INFO 57139 --- [todo] [    Test worker] o.s.t.web.servlet.TestDispatcherServlet  : Completed initialization in 1 ms
2026-04-29T13:14:57.907-05:00  INFO 57139 --- [todo] [    Test worker] m.t.m.r.leader.LeaderControllerTest      : Started LeaderControllerTest in 0.179 seconds (process running for 2.003)
]]></system-out>
  <system-err><![CDATA[]]></system-err>
</testsuite>
