<?xml version="1.0" encoding="UTF-8"?>
<testsuite name="mil.t2com.moda.ratemyboss.review.ReviewControllerTest" tests="2" skipped="0" failures="0" errors="0" timestamp="2026-04-29T18:14:58.288Z" hostname="RGCASWFA1530" time="0.112">
  <properties/>
  <testcase name="shouldSaveReview()" classname="mil.t2com.moda.ratemyboss.review.ReviewControllerTest" time="0.023"/>
  <testcase name="shouldGetAllReviews()" classname="mil.t2com.moda.ratemyboss.review.ReviewControllerTest" time="0.003"/>
  <system-out><![CDATA[2026-04-29T13:14:58.289-05:00  INFO 57139 --- [todo] [    Test worker] t.c.s.AnnotationConfigContextLoaderUtils : Could not detect default configuration classes for test class [mil.t2com.moda.ratemyboss.review.ReviewControllerTest]: ReviewControllerTest does not declare any static, non-private, non-final, nested classes annotated with @Configuration.
2026-04-29T13:14:58.295-05:00  INFO 57139 --- [todo] [    Test worker] .b.t.c.SpringBootTestContextBootstrapper : Found @SpringBootConfiguration mil.t2com.moda.ratemyboss.RatemybossApplication for test class mil.t2com.moda.ratemyboss.review.ReviewControllerTest
2026-04-29T13:14:58.296-05:00  INFO 57139 --- [todo] [    Test worker] t.c.s.AnnotationConfigContextLoaderUtils : Could not detect default configuration classes for test class [mil.t2com.moda.ratemyboss.review.ReviewControllerTest]: ReviewControllerTest does not declare any static, non-private, non-final, nested classes annotated with @Configuration.
2026-04-29T13:14:58.297-05:00  INFO 57139 --- [todo] [    Test worker] .b.t.c.SpringBootTestContextBootstrapper : Found @SpringBootConfiguration mil.t2com.moda.ratemyboss.RatemybossApplication for test class mil.t2com.moda.ratemyboss.review.ReviewControllerTest

  .   ____          _            __ _ _
 /\\ / ___'_ __ _ _(_)_ __  __ _ \ \ \ \
( ( )\___ | '_ | '_| | '_ \/ _` | \ \ \ \
 \\/  ___)| |_)| | | | | || (_| |  ) ) ) )
  '  |____| .__|_| |_|_| |_\__, | / / / /
 =========|_|==============|___/=/_/_/_/

 :: Spring Boot ::                (v4.0.5)

2026-04-29T13:14:58.309-05:00  INFO 57139 --- [todo] [    Test worker] m.t.m.r.review.ReviewControllerTest      : Starting ReviewControllerTest using Java 21.0.9 with PID 57139 (started by k2508965 in /Users/k2508965/workspace/acc/ratemyboss)
2026-04-29T13:14:58.309-05:00  INFO 57139 --- [todo] [    Test worker] m.t.m.r.review.ReviewControllerTest      : No active profile set, falling back to 1 default profile: "default"
2026-04-29T13:14:58.369-05:00  INFO 57139 --- [todo] [    Test worker] o.s.b.t.m.w.SpringBootMockServletContext : Initializing Spring TestDispatcherServlet ''
2026-04-29T13:14:58.369-05:00  INFO 57139 --- [todo] [    Test worker] o.s.t.web.servlet.TestDispatcherServlet  : Initializing Servlet ''
2026-04-29T13:14:58.370-05:00  INFO 57139 --- [todo] [    Test worker] o.s.t.web.servlet.TestDispatcherServlet  : Completed initialization in 1 ms
2026-04-29T13:14:58.372-05:00  INFO 57139 --- [todo] [    Test worker] m.t.m.r.review.ReviewControllerTest      : Started ReviewControllerTest in 0.073 seconds (process running for 2.468)
]]></system-out>
  <system-err><![CDATA[]]></system-err>
</testsuite>
