<?xml version="1.0" encoding="UTF-8"?>
<testsuite name="mil.t2com.moda.ratemyboss.RatemybossApplicationTests" tests="1" skipped="0" failures="0" errors="0" timestamp="2026-04-29T18:14:56.202Z" hostname="RGCASWFA1530" time="1.506">
  <properties/>
  <testcase name="contextLoads()" classname="mil.t2com.moda.ratemyboss.RatemybossApplicationTests" time="0.241"/>
  <system-out><![CDATA[13:14:56.254 [Test worker] INFO org.springframework.test.context.support.AnnotationConfigContextLoaderUtils -- Could not detect default configuration classes for test class [mil.t2com.moda.ratemyboss.RatemybossApplicationTests]: RatemybossApplicationTests does not declare any static, non-private, non-final, nested classes annotated with @Configuration.
13:14:56.287 [Test worker] INFO org.springframework.boot.test.context.SpringBootTestContextBootstrapper -- Found @SpringBootConfiguration mil.t2com.moda.ratemyboss.RatemybossApplication for test class mil.t2com.moda.ratemyboss.RatemybossApplicationTests
13:14:56.310 [Test worker] INFO org.springframework.test.context.support.AnnotationConfigContextLoaderUtils -- Could not detect default configuration classes for test class [mil.t2com.moda.ratemyboss.RatemybossApplicationTests]: RatemybossApplicationTests does not declare any static, non-private, non-final, nested classes annotated with @Configuration.
13:14:56.311 [Test worker] INFO org.springframework.boot.test.context.SpringBootTestContextBootstrapper -- Found @SpringBootConfiguration mil.t2com.moda.ratemyboss.RatemybossApplication for test class mil.t2com.moda.ratemyboss.RatemybossApplicationTests

  .   ____          _            __ _ _
 /\\ / ___'_ __ _ _(_)_ __  __ _ \ \ \ \
( ( )\___ | '_ | '_| | '_ \/ _` | \ \ \ \
 \\/  ___)| |_)| | | | | || (_| |  ) ) ) )
  '  |____| .__|_| |_|_| |_\__, | / / / /
 =========|_|==============|___/=/_/_/_/

 :: Spring Boot ::                (v4.0.5)

2026-04-29T13:14:56.418-05:00  INFO 57139 --- [todo] [    Test worker] m.t.m.r.RatemybossApplicationTests       : Starting RatemybossApplicationTests using Java 21.0.9 with PID 57139 (started by k2508965 in /Users/k2508965/workspace/acc/ratemyboss)
2026-04-29T13:14:56.418-05:00  INFO 57139 --- [todo] [    Test worker] m.t.m.r.RatemybossApplicationTests       : No active profile set, falling back to 1 default profile: "default"
2026-04-29T13:14:56.586-05:00  INFO 57139 --- [todo] [    Test worker] .s.d.r.c.RepositoryConfigurationDelegate : Bootstrapping Spring Data JPA repositories in DEFAULT mode.
2026-04-29T13:14:56.606-05:00  INFO 57139 --- [todo] [    Test worker] .s.d.r.c.RepositoryConfigurationDelegate : Finished Spring Data repository scanning in 16 ms. Found 2 JPA repository interfaces.
2026-04-29T13:14:56.717-05:00  INFO 57139 --- [todo] [    Test worker] org.hibernate.orm.jpa                    : HHH008540: Processing PersistenceUnitInfo [name: default]
2026-04-29T13:14:56.733-05:00  INFO 57139 --- [todo] [    Test worker] org.hibernate.orm.core                   : HHH000001: Hibernate ORM core version 7.2.7.Final
2026-04-29T13:14:56.867-05:00  INFO 57139 --- [todo] [    Test worker] o.s.o.j.p.SpringPersistenceUnitInfo      : No LoadTimeWeaver setup: ignoring JPA class transformer
2026-04-29T13:14:56.876-05:00  INFO 57139 --- [todo] [    Test worker] com.zaxxer.hikari.HikariDataSource       : HikariPool-1 - Starting...
2026-04-29T13:14:56.930-05:00  INFO 57139 --- [todo] [    Test worker] com.zaxxer.hikari.pool.HikariPool        : HikariPool-1 - Added connection conn0: url=jdbc:h2:mem:aircraft user=SA
2026-04-29T13:14:56.931-05:00  INFO 57139 --- [todo] [    Test worker] com.zaxxer.hikari.HikariDataSource       : HikariPool-1 - Start completed.
2026-04-29T13:14:56.938-05:00  WARN 57139 --- [todo] [    Test worker] org.hibernate.orm.deprecation            : HHH90000025: H2Dialect does not need to be specified explicitly using 'hibernate.dialect' (remove the property setting and it will be selected by default)
2026-04-29T13:14:56.944-05:00  INFO 57139 --- [todo] [    Test worker] org.hibernate.orm.connections.pooling    : HHH10001005: Database info:
	Database JDBC URL [jdbc:h2:mem:aircraft]
	Database driver: H2 JDBC Driver
	Database dialect: H2Dialect
	Database version: 2.4.240
	Default catalog/schema: AIRCRAFT/PUBLIC
	Autocommit mode: undefined/unknown
	Isolation level: READ_COMMITTED [default READ_COMMITTED]
	JDBC fetch size: 100
	Pool: DataSourceConnectionProvider
	Minimum pool size: undefined/unknown
	Maximum pool size: undefined/unknown
2026-04-29T13:14:57.216-05:00  INFO 57139 --- [todo] [    Test worker] org.hibernate.orm.core                   : HHH000489: No JTA platform available (set 'hibernate.transaction.jta.platform' to enable JTA platform integration)
Hibernate: create table leader (id bigint generated by default as identity, first_name varchar(255), job_title varchar(255), last_name varchar(255), primary key (id))
Hibernate: create table review (id bigint generated by default as identity, created_at timestamp(6) not null, description varchar(255), rating integer, leader_id bigint, primary key (id))
Hibernate: alter table if exists review add constraint FKfpau2iqa88e38oc6elroxco52 foreign key (leader_id) references leader
2026-04-29T13:14:57.237-05:00  INFO 57139 --- [todo] [    Test worker] j.LocalContainerEntityManagerFactoryBean : Initialized JPA EntityManagerFactory for persistence unit 'default'
2026-04-29T13:14:57.265-05:00  INFO 57139 --- [todo] [    Test worker] o.s.d.j.r.query.QueryEnhancerFactories   : Hibernate is in classpath; If applicable, HQL parser will be used.
2026-04-29T13:14:57.320-05:00  WARN 57139 --- [todo] [    Test worker] JpaBaseConfiguration$JpaWebConfiguration : spring.jpa.open-in-view is enabled by default. Therefore, database queries may be performed during view rendering. Explicitly configure spring.jpa.open-in-view to disable this warning
2026-04-29T13:14:57.463-05:00  INFO 57139 --- [todo] [    Test worker] m.t.m.r.RatemybossApplicationTests       : Started RatemybossApplicationTests in 1.132 seconds (process running for 1.558)
]]></system-out>
  <system-err><![CDATA[Mockito is currently self-attaching to enable the inline-mock-maker. This will no longer work in future releases of the JDK. Please add Mockito as an agent to your build as described in Mockito's documentation: https://javadoc.io/doc/org.mockito/mockito-core/latest/org.mockito/org/mockito/Mockito.html#0.3
WARNING: A Java agent has been loaded dynamically (/Users/k2508965/.gradle/caches/modules-2/files-2.1/net.bytebuddy/byte-buddy-agent/1.17.8/f09415827a71be7ed621c7bd02550678f28bc81c/byte-buddy-agent-1.17.8.jar)
WARNING: If a serviceability tool is in use, please run with -XX:+EnableDynamicAgentLoading to hide this warning
WARNING: If a serviceability tool is not in use, please run with -Djdk.instrument.traceUsage for more information
WARNING: Dynamic loading of agents will be disallowed by default in a future release
]]></system-err>
</testsuite>
