<?xml version="1.0" encoding="UTF-8"?>
<testsuite name="mil.t2com.moda.ratemyboss.leader.LeaderControllerTest" tests="1" skipped="0" failures="0" errors="0" timestamp="2026-04-29T20:21:57.192Z" hostname="RGCASWFA1530" time="1.024">
  <properties/>
  <testcase name="shouldSaveNewLeader()" classname="mil.t2com.moda.ratemyboss.leader.LeaderControllerTest" time="0.09"/>
  <system-out><![CDATA[15:21:57.249 [Test worker] INFO org.springframework.test.context.support.AnnotationConfigContextLoaderUtils -- Could not detect default configuration classes for test class [mil.t2com.moda.ratemyboss.leader.LeaderControllerTest]: LeaderControllerTest does not declare any static, non-private, non-final, nested classes annotated with @Configuration.
15:21:57.302 [Test worker] INFO org.springframework.boot.test.context.SpringBootTestContextBootstrapper -- Found @SpringBootConfiguration mil.t2com.moda.ratemyboss.RatemybossApplication for test class mil.t2com.moda.ratemyboss.leader.LeaderControllerTest
15:21:57.303 [Test worker] INFO org.springframework.test.context.support.AnnotationConfigContextLoaderUtils -- Could not detect default configuration classes for test class [mil.t2com.moda.ratemyboss.leader.LeaderControllerTest]: LeaderControllerTest does not declare any static, non-private, non-final, nested classes annotated with @Configuration.
15:21:57.308 [Test worker] INFO org.springframework.boot.test.context.SpringBootTestContextBootstrapper -- Found @SpringBootConfiguration mil.t2com.moda.ratemyboss.RatemybossApplication for test class mil.t2com.moda.ratemyboss.leader.LeaderControllerTest

  .   ____          _            __ _ _
 /\\ / ___'_ __ _ _(_)_ __  __ _ \ \ \ \
( ( )\___ | '_ | '_| | '_ \/ _` | \ \ \ \
 \\/  ___)| |_)| | | | | || (_| |  ) ) ) )
  '  |____| .__|_| |_|_| |_\__, | / / / /
 =========|_|==============|___/=/_/_/_/

 :: Spring Boot ::                (v4.0.5)

2026-04-29T15:21:57.438-05:00  INFO 62596 --- [todo] [    Test worker] m.t.m.r.leader.LeaderControllerTest      : Starting LeaderControllerTest using Java 21.0.9 with PID 62596 (started by k2508965 in /Users/k2508965/workspace/acc/ratemyboss)
2026-04-29T15:21:57.439-05:00  INFO 62596 --- [todo] [    Test worker] m.t.m.r.leader.LeaderControllerTest      : No active profile set, falling back to 1 default profile: "default"
2026-04-29T15:21:58.109-05:00  INFO 62596 --- [todo] [    Test worker] o.s.b.t.m.w.SpringBootMockServletContext : Initializing Spring TestDispatcherServlet ''
2026-04-29T15:21:58.109-05:00  INFO 62596 --- [todo] [    Test worker] o.s.t.web.servlet.TestDispatcherServlet  : Initializing Servlet ''
2026-04-29T15:21:58.111-05:00  INFO 62596 --- [todo] [    Test worker] o.s.t.web.servlet.TestDispatcherServlet  : Completed initialization in 1 ms
2026-04-29T15:21:58.122-05:00  INFO 62596 --- [todo] [    Test worker] m.t.m.r.leader.LeaderControllerTest      : Started LeaderControllerTest in 0.793 seconds (process running for 1.219)

MockHttpServletRequest:
      HTTP Method = POST
      Request URI = /api/leaders
       Parameters = {}
          Headers = [Content-Type:"application/json;charset=UTF-8", Content-Length:"72"]
             Body = {"firstName":"Tairrique","lastName":"Baker","jobTitle":"Janitor","id":1}
    Session Attrs = {}

Handler:
             Type = mil.t2com.moda.ratemyboss.leader.LeaderController
           Method = mil.t2com.moda.ratemyboss.leader.LeaderController#saveLeader(Leader)

Async:
    Async started = false
     Async result = null

Resolved Exception:
             Type = null

ModelAndView:
        View name = null
             View = null
            Model = null

FlashMap:
       Attributes = null

MockHttpServletResponse:
           Status = 201
    Error message = null
          Headers = [Vary:"Origin", "Access-Control-Request-Method", "Access-Control-Request-Headers", Content-Type:"application/json"]
     Content type = application/json
             Body = {"firstName":"Tairrique","lastName":"Baker","jobTitle":"Janitor","id":1}
    Forwarded URL = null
   Redirected URL = null
          Cookies = []
]]></system-out>
  <system-err><![CDATA[Mockito is currently self-attaching to enable the inline-mock-maker. This will no longer work in future releases of the JDK. Please add Mockito as an agent to your build as described in Mockito's documentation: https://javadoc.io/doc/org.mockito/mockito-core/latest/org.mockito/org/mockito/Mockito.html#0.3
WARNING: A Java agent has been loaded dynamically (/Users/k2508965/.gradle/caches/modules-2/files-2.1/net.bytebuddy/byte-buddy-agent/1.17.8/f09415827a71be7ed621c7bd02550678f28bc81c/byte-buddy-agent-1.17.8.jar)
WARNING: If a serviceability tool is in use, please run with -XX:+EnableDynamicAgentLoading to hide this warning
WARNING: If a serviceability tool is not in use, please run with -Djdk.instrument.traceUsage for more information
WARNING: Dynamic loading of agents will be disallowed by default in a future release
]]></system-err>
</testsuite>
